<?xml version="1.0" encoding="UTF-8"?>
<!-- Generated by org.testng.reporters.JUnitReportReporter -->
<testsuite hostname="DESKTOP-TA2G0L9" failures="0" tests="1" name="core.tests.EmptySCTest" time="29.348" errors="0" timestamp="2025-02-19T16:46:09 CET" skipped="0">
  <testcase classname="core.tests.EmptySCTest" name="testEmptyShoppingCart" time="29.348"/>
  <system-out/>
</testsuite> <!-- core.tests.EmptySCTest -->
