<?xml version="1.0" encoding="UTF-8"?>
<!-- Generated by org.testng.reporters.JUnitReportReporter -->
<testsuite hostname="DESKTOP-TA2G0L9" failures="0" tests="1" name="core.tests.TestCreateAccountPage" time="12.073" errors="0" timestamp="2025-02-19T16:41:00 CET" skipped="0">
  <testcase classname="core.tests.TestCreateAccountPage" name="testCreateAccount" time="12.073"/>
  <system-out/>
</testsuite> <!-- core.tests.TestCreateAccountPage -->
