<?xml version="1.0" encoding="UTF-8"?>
<!-- Generated by org.testng.reporters.JUnitReportReporter -->
<testsuite hostname="DESKTOP-TA2G0L9" failures="0" tests="1" name="core.tests.TestProductFTest" time="55.103" errors="0" timestamp="2025-02-19T16:42:27 CET" skipped="0">
  <testcase classname="core.tests.TestProductFTest" name="testPageFilters" time="55.103"/>
  <system-out/>
</testsuite> <!-- core.tests.TestProductFTest -->
